[debug] [2021-06-17T12:24:06.589Z] ----------------------------------------------------------------------
[debug] [2021-06-17T12:24:06.590Z] Command:       /home/michael/.nvm/versions/node/v14.15.5/bin/node /home/michael/.nvm/versions/node/v14.15.5/bin/firebase init
[debug] [2021-06-17T12:24:06.591Z] CLI Version:   9.13.0
[debug] [2021-06-17T12:24:06.591Z] Platform:      linux
[debug] [2021-06-17T12:24:06.591Z] Node Version:  v14.15.5
[debug] [2021-06-17T12:24:06.591Z] Time:          Thu Jun 17 2021 22:24:06 GMT+1000 (Australian Eastern Standard Time)
[debug] [2021-06-17T12:24:06.591Z] ----------------------------------------------------------------------
[debug] 
[debug] [2021-06-17T12:24:06.594Z] > command requires scopes: ["email","openid","https://www.googleapis.com/auth/cloudplatformprojects.readonly","https://www.googleapis.com/auth/firebase","https://www.googleapis.com/auth/cloud-platform"]
[debug] [2021-06-17T12:24:06.594Z] > authorizing via signed-in user (truthfulcake42@gmail.com)
[info] 
     ######## #### ########  ######## ########     ###     ######  ########
     ##        ##  ##     ## ##       ##     ##  ##   ##  ##       ##
     ######    ##  ########  ######   ########  #########  ######  ######
     ##        ##  ##    ##  ##       ##     ## ##     ##       ## ##
     ##       #### ##     ## ######## ########  ##     ##  ######  ########

You're about to initialize a Firebase project in this directory:

  /home/michael/Angular/angular-course-project

[info] 
=== Project Setup
[info] 
[info] First, let's associate this project directory with a Firebase project.
[info] You can create multiple project aliases by running firebase use --add, 
[info] but for now we'll just set up a default project.
[info] 
[debug] [2021-06-17T12:24:34.738Z] >>> [apiv2][query] GET https://firebase.googleapis.com/v1beta1/projects pageSize=100
[debug] [2021-06-17T12:24:35.340Z] <<< [apiv2][status] GET https://firebase.googleapis.com/v1beta1/projects 200
[debug] [2021-06-17T12:24:35.340Z] <<< [apiv2][body] GET https://firebase.googleapis.com/v1beta1/projects [omitted]
[info] i  Using project udemy-course-project-a4be3 (udemy-course-project) 
[info] 
=== Hosting Setup
[info] 
[info] Your public directory is the folder (relative to your project directory) that
[info] will contain Hosting assets to be uploaded with firebase deploy. If you
[info] have a build process for your assets, use your build's output directory.
[info] 
[debug] [2021-06-17T12:33:39.747Z] >>> [apiv2][query] GET https://www.gstatic.com/firebasejs/releases.json [none]
[debug] [2021-06-17T12:33:39.963Z] <<< [apiv2][status] GET https://www.gstatic.com/firebasejs/releases.json 200
[debug] [2021-06-17T12:33:39.964Z] <<< [apiv2][body] GET https://www.gstatic.com/firebasejs/releases.json {"current":{"version":"8.6.7","browserURL":"https://www.gstatic.com/firebasejs/8.6.7/firebase.js","packageURL":"https://www.gstatic.com/firebasejs/8.6.7/firebase.tgz"},"live":{"version":"8.6","browserURL":"https://www.gstatic.com/firebasejs/live/8.6/firebase.js","packageURL":"https://www.gstatic.com/firebasejs/live/8.6/firebase.tgz"},"components":{"analytics":"https://www.gstatic.com/firebasejs/8.6.7/firebase-analytics.js","app":"https://www.gstatic.com/firebasejs/8.6.7/firebase-app.js","app-check":"https://www.gstatic.com/firebasejs/8.6.7/firebase-app-check.js","auth":"https://www.gstatic.com/firebasejs/8.6.7/firebase-auth.js","database":"https://www.gstatic.com/firebasejs/8.6.7/firebase-database.js","firestore":"https://www.gstatic.com/firebasejs/8.6.7/firebase-firestore.js","functions":"https://www.gstatic.com/firebasejs/8.6.7/firebase-functions.js","installations":"https://www.gstatic.com/firebasejs/8.6.7/firebase-installations.js","messaging":"https://www.gstatic.com/firebasejs/8.6.7/firebase-messaging.js","storage":"https://www.gstatic.com/firebasejs/8.6.7/firebase-storage.js","performance":"https://www.gstatic.com/firebasejs/8.6.7/firebase-performance.js","remote-config":"https://www.gstatic.com/firebasejs/8.6.7/firebase-remote-config.js","firestore.memory":"https://www.gstatic.com/firebasejs/8.6.7/firebase-firestore.memory.js"}}
[info] i  Skipping write of dist/angular-course-project/index.html 
[info] 
[info] i  Detected a .git folder at /home/michael/Angular/angular-course-project 
[info] i  Authorizing with GitHub to upload your service account to a GitHub repository's secrets store. 
[info] 
[info] Visit this URL on this device to log in:
[info] https://github.com/login/oauth/authorize?client_id=89cf50f02ac6aaed3484&state=17216295&redirect_uri=http%3A%2F%2Flocalhost%3A9005&scope=read%3Auser%20repo%20public_repo
[info] 
[info] Waiting for authentication...
[debug] [2021-06-17T12:34:09.095Z] >>> HTTP REQUEST POST https://github.com/login/oauth/access_token  
 {"client_id":"89cf50f02ac6aaed3484","client_secret":"3330d14abc895d9a74d5f17cd7a00711fa2c5bf0","code":"624e11d9f5961131783f","redirect_uri":"http://localhost:9005","state":"17216295"}
[debug] [2021-06-17T12:34:09.448Z] <<< HTTP RESPONSE 200 {"server":"GitHub.com","date":"Thu, 17 Jun 2021 12:34:08 GMT","content-type":"application/json; charset=utf-8","transfer-encoding":"chunked","vary":"X-PJAX, Accept-Encoding, Accept, X-Requested-With","permissions-policy":"interest-cohort=()","etag":"W/\"f10ae36d78358d844c1a5ea11b438e6c\"","cache-control":"max-age=0, private, must-revalidate","strict-transport-security":"max-age=31536000; includeSubdomains; preload","x-frame-options":"deny","x-content-type-options":"nosniff","x-xss-protection":"0","referrer-policy":"origin-when-cross-origin, strict-origin-when-cross-origin","expect-ct":"max-age=2592000, report-uri=\"https://api.github.com/_private/browser/errors\"","content-security-policy":"default-src 'none'; base-uri 'self'; block-all-mixed-content; connect-src 'self' uploads.github.com www.githubstatus.com collector.githubapp.com api.github.com github-cloud.s3.amazonaws.com github-production-repository-file-5c1aeb.s3.amazonaws.com github-production-upload-manifest-file-7fdce7.s3.amazonaws.com github-production-user-asset-6210df.s3.amazonaws.com html-translator.herokuapp.com cdn.optimizely.com logx.optimizely.com/v1/events wss://alive.github.com; font-src github.githubassets.com; form-action 'self' github.com gist.github.com; frame-ancestors 'none'; frame-src render.githubusercontent.com; img-src 'self' data: github.githubassets.com identicons.github.com collector.githubapp.com github-cloud.s3.amazonaws.com secured-user-images.githubusercontent.com/ *.githubusercontent.com; manifest-src 'self'; media-src 'none'; script-src github.githubassets.com; style-src 'unsafe-inline' github.githubassets.com; worker-src github.com/socket-worker-3f088aa2.js gist.github.com/socket-worker-3f088aa2.js","x-github-request-id":"C90C:69C6:8E62B6:9910AA:60CB4140"}
[debug] [2021-06-17T12:34:09.453Z] >>> [apiv2][query] GET https://api.github.com/user [none]
[debug] [2021-06-17T12:34:09.842Z] <<< [apiv2][status] GET https://api.github.com/user 200
[debug] [2021-06-17T12:34:09.842Z] <<< [apiv2][body] GET https://api.github.com/user {"login":"Mick666","id":558448,"node_id":"MDQ6VXNlcjU1ODQ0OA==","avatar_url":"https://avatars.githubusercontent.com/u/558448?v=4","gravatar_id":"","url":"https://api.github.com/users/Mick666","html_url":"https://github.com/Mick666","followers_url":"https://api.github.com/users/Mick666/followers","following_url":"https://api.github.com/users/Mick666/following{/other_user}","gists_url":"https://api.github.com/users/Mick666/gists{/gist_id}","starred_url":"https://api.github.com/users/Mick666/starred{/owner}{/repo}","subscriptions_url":"https://api.github.com/users/Mick666/subscriptions","organizations_url":"https://api.github.com/users/Mick666/orgs","repos_url":"https://api.github.com/users/Mick666/repos","events_url":"https://api.github.com/users/Mick666/events{/privacy}","received_events_url":"https://api.github.com/users/Mick666/received_events","type":"User","site_admin":false,"name":null,"company":null,"blog":"","location":null,"email":null,"hireable":null,"bio":null,"twitter_username":null,"public_repos":58,"public_gists":1,"followers":0,"following":0,"created_at":"2011-01-12T00:17:02Z","updated_at":"2021-06-17T12:34:04Z","private_gists":0,"total_private_repos":3,"owned_private_repos":3,"disk_usage":86343,"collaborators":0,"two_factor_authentication":false,"plan":{"name":"free","space":976562499,"collaborators":0,"private_repos":10000}}
[info] 
[info] ✔  Success! Logged into GitHub as Mick666 
[info] 
